<?xml version="1.0" encoding="UTF-8"?>
<coverage generated="1509051896233" clover="3.2.0">
  <project timestamp="1509051896233" name="All files">
    <metrics statements="48" coveredstatements="47" conditionals="33" coveredconditionals="20" methods="13" coveredmethods="13" elements="94" coveredelements="80" complexity="0" loc="48" ncloc="48" packages="2" files="2" classes="2">
      <package name="react-on-screen">
        <metrics statements="4" coveredstatements="4" conditionals="0" coveredconditionals="0" methods="0" coveredmethods="0"/>
        <file name="setupTests.js" path="/Users/gugu/works/react-on-screen/setupTests.js">
          <metrics statements="4" coveredstatements="4" conditionals="0" coveredconditionals="0" methods="0" coveredmethods="0"/>
          <line num="4" count="1" type="stmt"/>
          <line num="6" count="1" type="stmt"/>
          <line num="7" count="1" type="stmt"/>
          <line num="8" count="1" type="stmt"/>
        </file>
      </package>
      <package name="react-on-screen.src">
        <metrics statements="44" coveredstatements="43" conditionals="33" coveredconditionals="20" methods="13" coveredmethods="13"/>
        <file name="TrackVisibility.js" path="/Users/gugu/works/react-on-screen/src/TrackVisibility.js">
          <metrics statements="44" coveredstatements="43" conditionals="33" coveredconditionals="20" methods="13" coveredmethods="13"/>
          <line num="6" count="1" type="stmt"/>
          <line num="9" count="22" type="stmt"/>
          <line num="10" count="22" type="cond" truecount="4" falsecount="0"/>
          <line num="11" count="6" type="stmt"/>
          <line num="15" count="16" type="stmt"/>
          <line num="27" count="1" type="stmt"/>
          <line num="39" count="10" type="stmt"/>
          <line num="40" count="10" type="stmt"/>
          <line num="43" count="10" type="stmt"/>
          <line num="45" count="10" type="stmt"/>
          <line num="46" count="11" type="stmt"/>
          <line num="50" count="10" type="stmt"/>
          <line num="51" count="10" type="stmt"/>
          <line num="55" count="1" type="stmt"/>
          <line num="59" count="23" type="stmt"/>
          <line num="61" count="23" type="cond" truecount="1" falsecount="1"/>
          <line num="62" count="23" type="cond" truecount="1" falsecount="1"/>
          <line num="63" count="23" type="cond" truecount="1" falsecount="1"/>
          <line num="65" count="23" type="stmt"/>
          <line num="69" count="4" type="stmt"/>
          <line num="70" count="4" type="stmt"/>
          <line num="71" count="32" type="cond" truecount="2" falsecount="0"/>
          <line num="72" count="4" type="stmt"/>
          <line num="75" count="4" type="stmt"/>
          <line num="79" count="23" type="stmt"/>
          <line num="80" count="4" type="stmt"/>
          <line num="85" count="10" type="stmt"/>
          <line num="86" count="10" type="stmt"/>
          <line num="87" count="10" type="stmt"/>
          <line num="89" count="10" type="cond" truecount="1" falsecount="1"/>
          <line num="90" count="10" type="cond" truecount="1" falsecount="1"/>
          <line num="92" count="10" type="stmt"/>
          <line num="94" count="10" type="cond" truecount="1" falsecount="1"/>
          <line num="97" count="10" type="cond" truecount="1" falsecount="1"/>
          <line num="98" count="10" type="cond" truecount="1" falsecount="1"/>
          <line num="99" count="10" type="cond" truecount="2" falsecount="0"/>
          <line num="101" count="0" type="cond" truecount="0" falsecount="2"/>
          <line num="106" count="10" type="stmt"/>
          <line num="107" count="10" type="stmt"/>
          <line num="111" count="1" type="stmt"/>
          <line num="112" count="1" type="stmt"/>
          <line num="116" count="23" type="stmt"/>
          <line num="124" count="1" type="stmt"/>
          <line num="125" count="1" type="stmt"/>
        </file>
      </package>
    </metrics>
  </project>
</coverage>
