{"/Users/blaineobrien/Sites/react-on-screen/setupTests.js": {"path":"/Users/blaineobrien/Sites/react-on-screen/setupTests.js","statementMap":{"0":{"start":{"line":4,"column":0},"end":{"line":4,"column":38}},"1":{"start":{"line":6,"column":0},"end":{"line":6,"column":25}},"2":{"start":{"line":7,"column":0},"end":{"line":7,"column":23}},"3":{"start":{"line":8,"column":0},"end":{"line":8,"column":21}}},"fnMap":{},"branchMap":{},"s":{"0":1,"1":1,"2":1,"3":1},"f":{},"b":{},"_coverageSchema":"332fd63041d2c1bcb487cc26dd0d5f7d97098a6c","hash":"615a61e23b018c9361880b283f86cc7cbd8f7db0"}
,"/Users/blaineobrien/Sites/react-on-screen/src/TrackVisibility.js": {"path":"/Users/blaineobrien/Sites/react-on-screen/src/TrackVisibility.js","statementMap":{"0":{"start":{"line":19,"column":26},"end":{"line":19,"column":41}},"1":{"start":{"line":20,"column":6},"end":{"line":24,"column":7}},"2":{"start":{"line":21,"column":8},"end":{"line":23,"column":10}},"3":{"start":{"line":25,"column":6},"end":{"line":25,"column":18}},"4":{"start":{"line":83,"column":4},"end":{"line":83,"column":17}},"5":{"start":{"line":84,"column":4},"end":{"line":84,"column":59}},"6":{"start":{"line":85,"column":4},"end":{"line":87,"column":6}},"7":{"start":{"line":88,"column":4},"end":{"line":91,"column":6}},"8":{"start":{"line":93,"column":4},"end":{"line":93,"column":52}},"9":{"start":{"line":97,"column":4},"end":{"line":97,"column":26}},"10":{"start":{"line":98,"column":4},"end":{"line":98,"column":30}},"11":{"start":{"line":102,"column":4},"end":{"line":109,"column":5}},"12":{"start":{"line":108,"column":6},"end":{"line":108,"column":32}},"13":{"start":{"line":113,"column":4},"end":{"line":113,"column":26}},"14":{"start":{"line":117,"column":4},"end":{"line":117,"column":55}},"15":{"start":{"line":118,"column":4},"end":{"line":118,"column":55}},"16":{"start":{"line":122,"column":4},"end":{"line":122,"column":58}},"17":{"start":{"line":123,"column":4},"end":{"line":123,"column":58}},"18":{"start":{"line":127,"column":23},"end":{"line":127,"column":25}},"19":{"start":{"line":128,"column":4},"end":{"line":132,"column":7}},"20":{"start":{"line":129,"column":6},"end":{"line":131,"column":7}},"21":{"start":{"line":130,"column":8},"end":{"line":130,"column":37}},"22":{"start":{"line":133,"column":4},"end":{"line":133,"column":22}},"23":{"start":{"line":141,"column":42},"end":{"line":141,"column":52}},"24":{"start":{"line":143,"column":4},"end":{"line":145,"column":5}},"25":{"start":{"line":144,"column":6},"end":{"line":144,"column":19}},"26":{"start":{"line":147,"column":25},"end":{"line":147,"column":35}},"27":{"start":{"line":148,"column":26},"end":{"line":148,"column":36}},"28":{"start":{"line":149,"column":23},"end":{"line":149,"column":43}},"29":{"start":{"line":150,"column":24},"end":{"line":150,"column":45}},"30":{"start":{"line":152,"column":4},"end":{"line":160,"column":30}},"31":{"start":{"line":164,"column":4},"end":{"line":189,"column":10}},"32":{"start":{"line":166,"column":6},"end":{"line":166,"column":71}},"33":{"start":{"line":166,"column":64},"end":{"line":166,"column":71}},"34":{"start":{"line":168,"column":19},"end":{"line":168,"column":43}},"35":{"start":{"line":169,"column":33},"end":{"line":169,"column":43}},"36":{"start":{"line":170,"column":33},"end":{"line":170,"column":69}},"37":{"start":{"line":171,"column":26},"end":{"line":171,"column":63}},"38":{"start":{"line":172,"column":27},"end":{"line":172,"column":66}},"39":{"start":{"line":174,"column":24},"end":{"line":178,"column":7}},"40":{"start":{"line":180,"column":6},"end":{"line":182,"column":7}},"41":{"start":{"line":181,"column":8},"end":{"line":181,"column":30}},"42":{"start":{"line":184,"column":6},"end":{"line":186,"column":7}},"43":{"start":{"line":185,"column":8},"end":{"line":185,"column":27}},"44":{"start":{"line":188,"column":6},"end":{"line":188,"column":35}},"45":{"start":{"line":192,"column":23},"end":{"line":192,"column":41}},"46":{"start":{"line":195,"column":4},"end":{"line":200,"column":5}},"47":{"start":{"line":196,"column":6},"end":{"line":199,"column":9}},"48":{"start":{"line":202,"column":4},"end":{"line":207,"column":6}},"49":{"start":{"line":203,"column":6},"end":{"line":206,"column":8}},"50":{"start":{"line":211,"column":52},"end":{"line":211,"column":62}},"51":{"start":{"line":212,"column":18},"end":{"line":215,"column":5}},"52":{"start":{"line":217,"column":4},"end":{"line":221,"column":6}}},"fnMap":{"0":{"name":"(anonymous_0)","decl":{"start":{"line":82,"column":2},"end":{"line":82,"column":3}},"loc":{"start":{"line":82,"column":21},"end":{"line":94,"column":3}},"line":82},"1":{"name":"(anonymous_1)","decl":{"start":{"line":96,"column":2},"end":{"line":96,"column":3}},"loc":{"start":{"line":96,"column":22},"end":{"line":99,"column":3}},"line":96},"2":{"name":"(anonymous_2)","decl":{"start":{"line":101,"column":2},"end":{"line":101,"column":3}},"loc":{"start":{"line":101,"column":32},"end":{"line":110,"column":3}},"line":101},"3":{"name":"(anonymous_3)","decl":{"start":{"line":112,"column":2},"end":{"line":112,"column":3}},"loc":{"start":{"line":112,"column":25},"end":{"line":114,"column":3}},"line":112},"4":{"name":"(anonymous_4)","decl":{"start":{"line":116,"column":2},"end":{"line":116,"column":3}},"loc":{"start":{"line":116,"column":19},"end":{"line":119,"column":3}},"line":116},"5":{"name":"(anonymous_5)","decl":{"start":{"line":121,"column":2},"end":{"line":121,"column":3}},"loc":{"start":{"line":121,"column":19},"end":{"line":124,"column":3}},"line":121},"6":{"name":"(anonymous_6)","decl":{"start":{"line":126,"column":2},"end":{"line":126,"column":3}},"loc":{"start":{"line":126,"column":36},"end":{"line":134,"column":3}},"line":126},"7":{"name":"(anonymous_7)","decl":{"start":{"line":128,"column":31},"end":{"line":128,"column":32}},"loc":{"start":{"line":128,"column":38},"end":{"line":132,"column":5}},"line":128},"8":{"name":"(anonymous_8)","decl":{"start":{"line":136,"column":14},"end":{"line":136,"column":15}},"loc":{"start":{"line":140,"column":7},"end":{"line":161,"column":3}},"line":140},"9":{"name":"(anonymous_9)","decl":{"start":{"line":163,"column":23},"end":{"line":163,"column":24}},"loc":{"start":{"line":163,"column":29},"end":{"line":190,"column":3}},"line":163},"10":{"name":"(anonymous_10)","decl":{"start":{"line":164,"column":15},"end":{"line":164,"column":16}},"loc":{"start":{"line":164,"column":21},"end":{"line":189,"column":5}},"line":164},"11":{"name":"(anonymous_11)","decl":{"start":{"line":192,"column":15},"end":{"line":192,"column":16}},"loc":{"start":{"line":192,"column":23},"end":{"line":192,"column":41}},"line":192},"12":{"name":"(anonymous_12)","decl":{"start":{"line":194,"column":2},"end":{"line":194,"column":3}},"loc":{"start":{"line":194,"column":16},"end":{"line":208,"column":3}},"line":194},"13":{"name":"(anonymous_13)","decl":{"start":{"line":202,"column":51},"end":{"line":202,"column":52}},"loc":{"start":{"line":203,"column":6},"end":{"line":206,"column":8}},"line":203},"14":{"name":"(anonymous_14)","decl":{"start":{"line":210,"column":2},"end":{"line":210,"column":3}},"loc":{"start":{"line":210,"column":11},"end":{"line":222,"column":3}},"line":210}},"branchMap":{"0":{"loc":{"start":{"line":20,"column":6},"end":{"line":24,"column":7}},"type":"if","locations":[{"start":{"line":20,"column":6},"end":{"line":24,"column":7}},{"start":{"line":20,"column":6},"end":{"line":24,"column":7}}],"line":20},"1":{"loc":{"start":{"line":20,"column":10},"end":{"line":20,"column":59}},"type":"binary-expr","locations":[{"start":{"line":20,"column":10},"end":{"line":20,"column":40}},{"start":{"line":20,"column":44},"end":{"line":20,"column":59}}],"line":20},"2":{"loc":{"start":{"line":93,"column":4},"end":{"line":93,"column":51}},"type":"binary-expr","locations":[{"start":{"line":93,"column":4},"end":{"line":93,"column":17}},{"start":{"line":93,"column":21},"end":{"line":93,"column":51}}],"line":93},"3":{"loc":{"start":{"line":102,"column":4},"end":{"line":109,"column":5}},"type":"if","locations":[{"start":{"line":102,"column":4},"end":{"line":109,"column":5}},{"start":{"line":102,"column":4},"end":{"line":109,"column":5}}],"line":102},"4":{"loc":{"start":{"line":126,"column":16},"end":{"line":126,"column":34}},"type":"default-arg","locations":[{"start":{"line":126,"column":24},"end":{"line":126,"column":34}}],"line":126},"5":{"loc":{"start":{"line":129,"column":6},"end":{"line":131,"column":7}},"type":"if","locations":[{"start":{"line":129,"column":6},"end":{"line":131,"column":7}},{"start":{"line":129,"column":6},"end":{"line":131,"column":7}}],"line":129},"6":{"loc":{"start":{"line":143,"column":4},"end":{"line":145,"column":5}},"type":"if","locations":[{"start":{"line":143,"column":4},"end":{"line":145,"column":5}},{"start":{"line":143,"column":4},"end":{"line":145,"column":5}}],"line":143},"7":{"loc":{"start":{"line":152,"column":11},"end":{"line":160,"column":29}},"type":"cond-expr","locations":[{"start":{"line":153,"column":8},"end":{"line":156,"column":37}},{"start":{"line":157,"column":8},"end":{"line":160,"column":29}}],"line":152},"8":{"loc":{"start":{"line":153,"column":8},"end":{"line":156,"column":37}},"type":"binary-expr","locations":[{"start":{"line":153,"column":8},"end":{"line":153,"column":36}},{"start":{"line":154,"column":10},"end":{"line":154,"column":39}},{"start":{"line":155,"column":10},"end":{"line":155,"column":40}},{"start":{"line":156,"column":10},"end":{"line":156,"column":37}}],"line":153},"9":{"loc":{"start":{"line":157,"column":8},"end":{"line":160,"column":29}},"type":"binary-expr","locations":[{"start":{"line":157,"column":8},"end":{"line":157,"column":27}},{"start":{"line":158,"column":10},"end":{"line":158,"column":31}},{"start":{"line":159,"column":10},"end":{"line":159,"column":31}},{"start":{"line":160,"column":10},"end":{"line":160,"column":29}}],"line":157},"10":{"loc":{"start":{"line":166,"column":6},"end":{"line":166,"column":71}},"type":"if","locations":[{"start":{"line":166,"column":6},"end":{"line":166,"column":71}},{"start":{"line":166,"column":6},"end":{"line":166,"column":71}}],"line":166},"11":{"loc":{"start":{"line":166,"column":10},"end":{"line":166,"column":62}},"type":"binary-expr","locations":[{"start":{"line":166,"column":10},"end":{"line":166,"column":23}},{"start":{"line":166,"column":27},"end":{"line":166,"column":62}}],"line":166},"12":{"loc":{"start":{"line":171,"column":26},"end":{"line":171,"column":63}},"type":"binary-expr","locations":[{"start":{"line":171,"column":26},"end":{"line":171,"column":43}},{"start":{"line":171,"column":47},"end":{"line":171,"column":63}}],"line":171},"13":{"loc":{"start":{"line":172,"column":27},"end":{"line":172,"column":66}},"type":"binary-expr","locations":[{"start":{"line":172,"column":27},"end":{"line":172,"column":45}},{"start":{"line":172,"column":49},"end":{"line":172,"column":66}}],"line":172},"14":{"loc":{"start":{"line":180,"column":6},"end":{"line":182,"column":7}},"type":"if","locations":[{"start":{"line":180,"column":6},"end":{"line":182,"column":7}},{"start":{"line":180,"column":6},"end":{"line":182,"column":7}}],"line":180},"15":{"loc":{"start":{"line":180,"column":10},"end":{"line":180,"column":27}},"type":"binary-expr","locations":[{"start":{"line":180,"column":10},"end":{"line":180,"column":19}},{"start":{"line":180,"column":23},"end":{"line":180,"column":27}}],"line":180},"16":{"loc":{"start":{"line":184,"column":6},"end":{"line":186,"column":7}},"type":"if","locations":[{"start":{"line":184,"column":6},"end":{"line":186,"column":7}},{"start":{"line":184,"column":6},"end":{"line":186,"column":7}}],"line":184},"17":{"loc":{"start":{"line":195,"column":4},"end":{"line":200,"column":5}},"type":"if","locations":[{"start":{"line":195,"column":4},"end":{"line":200,"column":5}},{"start":{"line":195,"column":4},"end":{"line":200,"column":5}}],"line":195},"18":{"loc":{"start":{"line":213,"column":10},"end":{"line":213,"column":36}},"type":"binary-expr","locations":[{"start":{"line":213,"column":10},"end":{"line":213,"column":19}},{"start":{"line":213,"column":23},"end":{"line":213,"column":36}}],"line":213},"19":{"loc":{"start":{"line":214,"column":10},"end":{"line":214,"column":28}},"type":"binary-expr","locations":[{"start":{"line":214,"column":10},"end":{"line":214,"column":15}},{"start":{"line":214,"column":19},"end":{"line":214,"column":28}}],"line":214},"20":{"loc":{"start":{"line":218,"column":16},"end":{"line":218,"column":43}},"type":"binary-expr","locations":[{"start":{"line":218,"column":16},"end":{"line":218,"column":24}},{"start":{"line":218,"column":28},"end":{"line":218,"column":43}}],"line":218}},"s":{"0":84,"1":84,"2":6,"3":78,"4":35,"5":35,"6":35,"7":35,"8":35,"9":35,"10":35,"11":18,"12":2,"13":1,"14":35,"15":35,"16":9,"17":9,"18":73,"19":73,"20":684,"21":22,"22":73,"23":37,"24":37,"25":18,"26":19,"27":19,"28":19,"29":19,"30":19,"31":37,"32":37,"33":0,"34":37,"35":37,"36":37,"37":37,"38":37,"39":37,"40":37,"41":8,"42":37,"43":1,"44":37,"45":36,"46":53,"47":35,"48":18,"49":2,"50":53,"51":53,"52":53},"f":{"0":35,"1":35,"2":18,"3":1,"4":35,"5":9,"6":73,"7":684,"8":37,"9":37,"10":37,"11":36,"12":53,"13":2,"14":53},"b":{"0":[6,78],"1":[84,80],"2":[35,19],"3":[2,16],"4":[37],"5":[22,662],"6":[18,19],"7":[17,2],"8":[17,15,15,12],"9":[2,2,2,1],"10":[0,37],"11":[37,37],"12":[37,0],"13":[37,0],"14":[8,29],"15":[37,13],"16":[1,36],"17":[35,18],"18":[53,22],"19":[53,22],"20":[53,17]},"_coverageSchema":"332fd63041d2c1bcb487cc26dd0d5f7d97098a6c","hash":"f3797129f5ce038d97b6eafdf9ef6ffaff7c2ee6"}
}
