{"/Users/gugu/works/react-on-screen/setupTests.js": {"path":"/Users/gugu/works/react-on-screen/setupTests.js","statementMap":{"0":{"start":{"line":4,"column":0},"end":{"line":4,"column":38}},"1":{"start":{"line":6,"column":0},"end":{"line":6,"column":25}},"2":{"start":{"line":7,"column":0},"end":{"line":7,"column":23}},"3":{"start":{"line":8,"column":0},"end":{"line":8,"column":21}}},"fnMap":{},"branchMap":{},"s":{"0":1,"1":1,"2":1,"3":1},"f":{},"b":{},"_coverageSchema":"332fd63041d2c1bcb487cc26dd0d5f7d97098a6c","hash":"4e8bb3e2fb7233fb338b70c7ca5a6c9c67580be4"}
,"/Users/gugu/works/react-on-screen/src/TrackVisibility.js": {"path":"/Users/gugu/works/react-on-screen/src/TrackVisibility.js","statementMap":{"0":{"start":{"line":6,"column":18},"end":{"line":25,"column":1}},"1":{"start":{"line":9,"column":24},"end":{"line":9,"column":39}},"2":{"start":{"line":10,"column":4},"end":{"line":14,"column":5}},"3":{"start":{"line":11,"column":6},"end":{"line":13,"column":8}},"4":{"start":{"line":15,"column":4},"end":{"line":15,"column":16}},"5":{"start":{"line":27,"column":21},"end":{"line":35,"column":1}},"6":{"start":{"line":39,"column":4},"end":{"line":39,"column":17}},"7":{"start":{"line":40,"column":4},"end":{"line":42,"column":6}},"8":{"start":{"line":43,"column":4},"end":{"line":43,"column":65}},"9":{"start":{"line":45,"column":4},"end":{"line":45,"column":85}},"10":{"start":{"line":46,"column":4},"end":{"line":46,"column":53}},"11":{"start":{"line":46,"column":31},"end":{"line":46,"column":50}},"12":{"start":{"line":50,"column":4},"end":{"line":50,"column":26}},"13":{"start":{"line":51,"column":4},"end":{"line":51,"column":30}},"14":{"start":{"line":55,"column":4},"end":{"line":55,"column":26}},"15":{"start":{"line":59,"column":18},"end":{"line":59,"column":20}},"16":{"start":{"line":61,"column":4},"end":{"line":61,"column":78}},"17":{"start":{"line":62,"column":4},"end":{"line":62,"column":66}},"18":{"start":{"line":63,"column":4},"end":{"line":63,"column":66}},"19":{"start":{"line":65,"column":4},"end":{"line":65,"column":17}},"20":{"start":{"line":69,"column":18},"end":{"line":69,"column":20}},"21":{"start":{"line":70,"column":4},"end":{"line":74,"column":7}},"22":{"start":{"line":71,"column":6},"end":{"line":73,"column":7}},"23":{"start":{"line":72,"column":8},"end":{"line":72,"column":37}},"24":{"start":{"line":75,"column":4},"end":{"line":75,"column":17}},"25":{"start":{"line":79,"column":4},"end":{"line":81,"column":6}},"26":{"start":{"line":80,"column":6},"end":{"line":80,"column":93}},"27":{"start":{"line":85,"column":17},"end":{"line":85,"column":53}},"28":{"start":{"line":86,"column":17},"end":{"line":86,"column":41}},"29":{"start":{"line":87,"column":19},"end":{"line":87,"column":36}},"30":{"start":{"line":89,"column":24},"end":{"line":89,"column":81}},"31":{"start":{"line":90,"column":23},"end":{"line":90,"column":78}},"32":{"start":{"line":92,"column":39},"end":{"line":92,"column":43}},"33":{"start":{"line":94,"column":22},"end":{"line":96,"column":77}},"34":{"start":{"line":97,"column":4},"end":{"line":102,"column":5}},"35":{"start":{"line":98,"column":6},"end":{"line":98,"column":47}},"36":{"start":{"line":99,"column":6},"end":{"line":99,"column":60}},"37":{"start":{"line":101,"column":6},"end":{"line":101,"column":59}},"38":{"start":{"line":106,"column":4},"end":{"line":106,"column":55}},"39":{"start":{"line":107,"column":4},"end":{"line":107,"column":55}},"40":{"start":{"line":111,"column":4},"end":{"line":111,"column":58}},"41":{"start":{"line":112,"column":4},"end":{"line":112,"column":58}},"42":{"start":{"line":116,"column":4},"end":{"line":120,"column":6}},"43":{"start":{"line":124,"column":0},"end":{"line":124,"column":38}},"44":{"start":{"line":125,"column":0},"end":{"line":125,"column":44}}},"fnMap":{"0":{"name":"(anonymous_0)","decl":{"start":{"line":38,"column":2},"end":{"line":38,"column":3}},"loc":{"start":{"line":38,"column":21},"end":{"line":47,"column":3}},"line":38},"1":{"name":"(anonymous_1)","decl":{"start":{"line":46,"column":22},"end":{"line":46,"column":23}},"loc":{"start":{"line":46,"column":29},"end":{"line":46,"column":52}},"line":46},"2":{"name":"(anonymous_2)","decl":{"start":{"line":49,"column":2},"end":{"line":49,"column":3}},"loc":{"start":{"line":49,"column":22},"end":{"line":52,"column":3}},"line":49},"3":{"name":"(anonymous_3)","decl":{"start":{"line":54,"column":2},"end":{"line":54,"column":3}},"loc":{"start":{"line":54,"column":25},"end":{"line":56,"column":3}},"line":54},"4":{"name":"(anonymous_4)","decl":{"start":{"line":58,"column":2},"end":{"line":58,"column":3}},"loc":{"start":{"line":58,"column":21},"end":{"line":66,"column":3}},"line":58},"5":{"name":"(anonymous_5)","decl":{"start":{"line":68,"column":2},"end":{"line":68,"column":3}},"loc":{"start":{"line":68,"column":18},"end":{"line":76,"column":3}},"line":68},"6":{"name":"(anonymous_6)","decl":{"start":{"line":70,"column":36},"end":{"line":70,"column":37}},"loc":{"start":{"line":70,"column":43},"end":{"line":74,"column":5}},"line":70},"7":{"name":"(anonymous_7)","decl":{"start":{"line":78,"column":2},"end":{"line":78,"column":3}},"loc":{"start":{"line":78,"column":16},"end":{"line":82,"column":3}},"line":78},"8":{"name":"(anonymous_8)","decl":{"start":{"line":79,"column":51},"end":{"line":79,"column":52}},"loc":{"start":{"line":80,"column":6},"end":{"line":80,"column":93}},"line":80},"9":{"name":"(anonymous_9)","decl":{"start":{"line":84,"column":2},"end":{"line":84,"column":3}},"loc":{"start":{"line":84,"column":23},"end":{"line":103,"column":3}},"line":84},"10":{"name":"(anonymous_10)","decl":{"start":{"line":105,"column":2},"end":{"line":105,"column":3}},"loc":{"start":{"line":105,"column":19},"end":{"line":108,"column":3}},"line":105},"11":{"name":"(anonymous_11)","decl":{"start":{"line":110,"column":2},"end":{"line":110,"column":3}},"loc":{"start":{"line":110,"column":19},"end":{"line":113,"column":3}},"line":110},"12":{"name":"(anonymous_12)","decl":{"start":{"line":115,"column":2},"end":{"line":115,"column":3}},"loc":{"start":{"line":115,"column":11},"end":{"line":121,"column":3}},"line":115}},"branchMap":{"0":{"loc":{"start":{"line":10,"column":4},"end":{"line":14,"column":5}},"type":"if","locations":[{"start":{"line":10,"column":4},"end":{"line":14,"column":5}},{"start":{"line":10,"column":4},"end":{"line":14,"column":5}}],"line":10},"1":{"loc":{"start":{"line":10,"column":8},"end":{"line":10,"column":57}},"type":"binary-expr","locations":[{"start":{"line":10,"column":8},"end":{"line":10,"column":38}},{"start":{"line":10,"column":42},"end":{"line":10,"column":57}}],"line":10},"2":{"loc":{"start":{"line":61,"column":4},"end":{"line":61,"column":77}},"type":"binary-expr","locations":[{"start":{"line":61,"column":4},"end":{"line":61,"column":33}},{"start":{"line":61,"column":38},"end":{"line":61,"column":76}}],"line":61},"3":{"loc":{"start":{"line":62,"column":4},"end":{"line":62,"column":65}},"type":"binary-expr","locations":[{"start":{"line":62,"column":4},"end":{"line":62,"column":29}},{"start":{"line":62,"column":34},"end":{"line":62,"column":64}}],"line":62},"4":{"loc":{"start":{"line":63,"column":4},"end":{"line":63,"column":65}},"type":"binary-expr","locations":[{"start":{"line":63,"column":4},"end":{"line":63,"column":27}},{"start":{"line":63,"column":32},"end":{"line":63,"column":64}}],"line":63},"5":{"loc":{"start":{"line":71,"column":6},"end":{"line":73,"column":7}},"type":"if","locations":[{"start":{"line":71,"column":6},"end":{"line":73,"column":7}},{"start":{"line":71,"column":6},"end":{"line":73,"column":7}}],"line":71},"6":{"loc":{"start":{"line":89,"column":24},"end":{"line":89,"column":81}},"type":"binary-expr","locations":[{"start":{"line":89,"column":24},"end":{"line":89,"column":51}},{"start":{"line":89,"column":55},"end":{"line":89,"column":81}}],"line":89},"7":{"loc":{"start":{"line":90,"column":23},"end":{"line":90,"column":78}},"type":"binary-expr","locations":[{"start":{"line":90,"column":23},"end":{"line":90,"column":49}},{"start":{"line":90,"column":53},"end":{"line":90,"column":78}}],"line":90},"8":{"loc":{"start":{"line":94,"column":22},"end":{"line":96,"column":77}},"type":"cond-expr","locations":[{"start":{"line":95,"column":8},"end":{"line":95,"column":92}},{"start":{"line":96,"column":8},"end":{"line":96,"column":77}}],"line":94},"9":{"loc":{"start":{"line":95,"column":8},"end":{"line":95,"column":92}},"type":"binary-expr","locations":[{"start":{"line":95,"column":8},"end":{"line":95,"column":30}},{"start":{"line":95,"column":34},"end":{"line":95,"column":56}},{"start":{"line":95,"column":60},"end":{"line":95,"column":92}}],"line":95},"10":{"loc":{"start":{"line":96,"column":8},"end":{"line":96,"column":77}},"type":"binary-expr","locations":[{"start":{"line":96,"column":8},"end":{"line":96,"column":16}},{"start":{"line":96,"column":20},"end":{"line":96,"column":29}},{"start":{"line":96,"column":33},"end":{"line":96,"column":54}},{"start":{"line":96,"column":58},"end":{"line":96,"column":77}}],"line":96},"11":{"loc":{"start":{"line":97,"column":4},"end":{"line":102,"column":5}},"type":"if","locations":[{"start":{"line":97,"column":4},"end":{"line":102,"column":5}},{"start":{"line":97,"column":4},"end":{"line":102,"column":5}}],"line":97},"12":{"loc":{"start":{"line":98,"column":6},"end":{"line":98,"column":46}},"type":"binary-expr","locations":[{"start":{"line":98,"column":6},"end":{"line":98,"column":21}},{"start":{"line":98,"column":25},"end":{"line":98,"column":46}}],"line":98},"13":{"loc":{"start":{"line":99,"column":6},"end":{"line":99,"column":59}},"type":"binary-expr","locations":[{"start":{"line":99,"column":6},"end":{"line":99,"column":27}},{"start":{"line":99,"column":31},"end":{"line":99,"column":59}}],"line":99},"14":{"loc":{"start":{"line":101,"column":6},"end":{"line":101,"column":58}},"type":"binary-expr","locations":[{"start":{"line":101,"column":6},"end":{"line":101,"column":26}},{"start":{"line":101,"column":30},"end":{"line":101,"column":58}}],"line":101}},"s":{"0":1,"1":22,"2":22,"3":6,"4":16,"5":1,"6":10,"7":10,"8":10,"9":10,"10":10,"11":11,"12":10,"13":10,"14":1,"15":23,"16":23,"17":23,"18":23,"19":23,"20":4,"21":4,"22":32,"23":4,"24":4,"25":23,"26":4,"27":10,"28":10,"29":10,"30":10,"31":10,"32":10,"33":10,"34":10,"35":10,"36":10,"37":0,"38":10,"39":10,"40":1,"41":1,"42":23,"43":1,"44":1},"f":{"0":10,"1":11,"2":10,"3":1,"4":23,"5":4,"6":32,"7":23,"8":4,"9":10,"10":10,"11":1,"12":23},"b":{"0":[6,16],"1":[22,18],"2":[23,0],"3":[23,0],"4":[23,0],"5":[4,28],"6":[10,0],"7":[10,0],"8":[0,10],"9":[0,0,0],"10":[10,10,10,10],"11":[10,0],"12":[10,0],"13":[10,10],"14":[0,0]},"_coverageSchema":"332fd63041d2c1bcb487cc26dd0d5f7d97098a6c","hash":"0d3c110f459487d70eb1b7771cde1de2f2801072"}
}
