TN:
SF:/Users/gugu/works/react-on-screen/setupTests.js
FNF:0
FNH:0
DA:4,1
DA:6,1
DA:7,1
DA:8,1
LF:4
LH:4
BRF:0
BRH:0
end_of_record
TN:
SF:/Users/gugu/works/react-on-screen/src/TrackVisibility.js
FN:38,(anonymous_0)
FN:46,(anonymous_1)
FN:49,(anonymous_2)
FN:54,(anonymous_3)
FN:58,(anonymous_4)
FN:68,(anonymous_5)
FN:70,(anonymous_6)
FN:78,(anonymous_7)
FN:79,(anonymous_8)
FN:84,(anonymous_9)
FN:105,(anonymous_10)
FN:110,(anonymous_11)
FN:115,(anonymous_12)
FNF:13
FNH:13
FNDA:10,(anonymous_0)
FNDA:11,(anonymous_1)
FNDA:10,(anonymous_2)
FNDA:1,(anonymous_3)
FNDA:23,(anonymous_4)
FNDA:4,(anonymous_5)
FNDA:32,(anonymous_6)
FNDA:23,(anonymous_7)
FNDA:4,(anonymous_8)
FNDA:10,(anonymous_9)
FNDA:10,(anonymous_10)
FNDA:1,(anonymous_11)
FNDA:23,(anonymous_12)
DA:6,1
DA:9,22
DA:10,22
DA:11,6
DA:15,16
DA:27,1
DA:39,10
DA:40,10
DA:43,10
DA:45,10
DA:46,11
DA:50,10
DA:51,10
DA:55,1
DA:59,23
DA:61,23
DA:62,23
DA:63,23
DA:65,23
DA:69,4
DA:70,4
DA:71,32
DA:72,4
DA:75,4
DA:79,23
DA:80,4
DA:85,10
DA:86,10
DA:87,10
DA:89,10
DA:90,10
DA:92,10
DA:94,10
DA:97,10
DA:98,10
DA:99,10
DA:101,0
DA:106,10
DA:107,10
DA:111,1
DA:112,1
DA:116,23
DA:124,1
DA:125,1
LF:44
LH:43
BRDA:10,0,0,6
BRDA:10,0,1,16
BRDA:10,1,0,22
BRDA:10,1,1,18
BRDA:61,2,0,23
BRDA:61,2,1,0
BRDA:62,3,0,23
BRDA:62,3,1,0
BRDA:63,4,0,23
BRDA:63,4,1,0
BRDA:71,5,0,4
BRDA:71,5,1,28
BRDA:89,6,0,10
BRDA:89,6,1,0
BRDA:90,7,0,10
BRDA:90,7,1,0
BRDA:94,8,0,0
BRDA:94,8,1,10
BRDA:95,9,0,0
BRDA:95,9,1,0
BRDA:95,9,2,0
BRDA:96,10,0,10
BRDA:96,10,1,10
BRDA:96,10,2,10
BRDA:96,10,3,10
BRDA:97,11,0,10
BRDA:97,11,1,0
BRDA:98,12,0,10
BRDA:98,12,1,0
BRDA:99,13,0,10
BRDA:99,13,1,10
BRDA:101,14,0,0
BRDA:101,14,1,0
BRF:33
BRH:20
end_of_record
