TN:
SF:/Users/blaineobrien/Sites/react-on-screen/setupTests.js
FNF:0
FNH:0
DA:4,1
DA:6,1
DA:7,1
DA:8,1
LF:4
LH:4
BRF:0
BRH:0
end_of_record
TN:
SF:/Users/blaineobrien/Sites/react-on-screen/src/TrackVisibility.js
FN:82,(anonymous_0)
FN:96,(anonymous_1)
FN:101,(anonymous_2)
FN:112,(anonymous_3)
FN:116,(anonymous_4)
FN:121,(anonymous_5)
FN:126,(anonymous_6)
FN:128,(anonymous_7)
FN:136,(anonymous_8)
FN:163,(anonymous_9)
FN:164,(anonymous_10)
FN:192,(anonymous_11)
FN:194,(anonymous_12)
FN:202,(anonymous_13)
FN:210,(anonymous_14)
FNF:15
FNH:15
FNDA:35,(anonymous_0)
FNDA:35,(anonymous_1)
FNDA:18,(anonymous_2)
FNDA:1,(anonymous_3)
FNDA:35,(anonymous_4)
FNDA:9,(anonymous_5)
FNDA:73,(anonymous_6)
FNDA:684,(anonymous_7)
FNDA:37,(anonymous_8)
FNDA:37,(anonymous_9)
FNDA:37,(anonymous_10)
FNDA:36,(anonymous_11)
FNDA:53,(anonymous_12)
FNDA:2,(anonymous_13)
FNDA:53,(anonymous_14)
DA:19,86
DA:20,86
DA:21,6
DA:25,80
DA:83,35
DA:84,35
DA:85,35
DA:88,35
DA:93,35
DA:97,35
DA:98,35
DA:102,18
DA:108,2
DA:113,1
DA:117,35
DA:118,35
DA:122,9
DA:123,9
DA:127,73
DA:128,73
DA:129,684
DA:130,22
DA:133,73
DA:141,37
DA:143,37
DA:144,18
DA:147,19
DA:148,19
DA:149,19
DA:150,19
DA:152,19
DA:164,37
DA:166,37
DA:168,37
DA:169,37
DA:170,37
DA:171,37
DA:172,37
DA:174,37
DA:180,37
DA:181,8
DA:184,37
DA:185,1
DA:188,37
DA:192,36
DA:195,53
DA:196,35
DA:202,18
DA:203,2
DA:211,53
DA:212,53
DA:217,53
LF:52
LH:52
BRDA:20,0,0,6
BRDA:20,0,1,80
BRDA:20,1,0,86
BRDA:20,1,1,82
BRDA:93,2,0,35
BRDA:93,2,1,19
BRDA:102,3,0,2
BRDA:102,3,1,16
BRDA:126,4,0,37
BRDA:129,5,0,22
BRDA:129,5,1,662
BRDA:143,6,0,18
BRDA:143,6,1,19
BRDA:152,7,0,17
BRDA:152,7,1,2
BRDA:153,8,0,17
BRDA:153,8,1,15
BRDA:153,8,2,15
BRDA:153,8,3,12
BRDA:157,9,0,2
BRDA:157,9,1,2
BRDA:157,9,2,2
BRDA:157,9,3,1
BRDA:166,10,0,0
BRDA:166,10,1,37
BRDA:166,11,0,37
BRDA:166,11,1,37
BRDA:171,12,0,37
BRDA:171,12,1,0
BRDA:172,13,0,37
BRDA:172,13,1,0
BRDA:180,14,0,8
BRDA:180,14,1,29
BRDA:180,15,0,37
BRDA:180,15,1,13
BRDA:184,16,0,1
BRDA:184,16,1,36
BRDA:195,17,0,35
BRDA:195,17,1,18
BRDA:213,18,0,53
BRDA:213,18,1,22
BRDA:214,19,0,53
BRDA:214,19,1,22
BRDA:218,20,0,53
BRDA:218,20,1,17
BRF:45
BRH:42
end_of_record
